# JRE version: Java(TM) SE Runtime Environment (8.0_131-b11) (build 1.8.0_131-b11)
# Java VM: Java HotSpot(TM) 64-Bit Server VM (25.131-b11 mixed mode bsd-amd64 )
Heap:
 PSYoungGen      total 1233920K, used 1223168K [0x00000683c7700000, 0x0000068413c00000, 0x000009c51cc00000)
  eden space 1223168K, 100% used [0x00000683c7700000,0x0000068412180000,0x0000068412180000)
  from space 10752K, 0% used [0x0000068412c00000,0x0000068412c00000,0x0000068413680000)
  to   space 10752K, 95% used [0x0000068412180000,0x0000068412b92410,0x0000068412c00000)
 ParOldGen       total 9329664K, used 9333255K [0x000000011cc00000, 0x0000000356300000, 0x00000683c7700000)
  object space 9329664K, 100% used [0x000000011cc00000,0x0000000356681e10,0x0000000356300000)
 Metaspace       used 2745K, capacity 4176K, committed 4352K, reserved 8192K
GC Heap History (10 events):
Event: 4.741 GC heap after
Heap after GC invocations=25 (full 12):
 PSYoungGen      total 1233920K, used 126568K [0x00000683c7700000, 0x0000068413c00000, 0x000009c51cc00000)
  eden space 1223168K, 10% used [0x00000683c7700000,0x00000683cf29a350,0x0000068412180000)
  from space 10752K, 0% used [0x0000068412c00000,0x0000068412c00000,0x0000068413680000)
  to   space 10752K, 0% used [0x0000068412180000,0x0000068412180000,0x0000068412c00000)
 ParOldGen       total 7079936K, used 6083718K [0x000000011cc00000, 0x00000002cce00000, 0x00000683c7700000)
  object space 7079936K, 85% used [0x000000011cc00000,0x0000000290121830,0x00000002cce00000)
 Metaspace       used 2745K, capacity 4176K, committed 4352K, reserved 8192K
}
Event: 4.885 GC heap before
{Heap before GC invocations=26 (full 12):
 PSYoungGen      total 1233920K, used 1222895K [0x00000683c7700000, 0x0000068413c00000, 0x000009c51cc00000)
  eden space 1223168K, 99% used [0x00000683c7700000,0x000006841213bec8,0x0000068412180000)
  from space 10752K, 0% used [0x0000068412c00000,0x0000068412c00000,0x0000068413680000)
  to   space 10752K, 0% used [0x0000068412180000,0x0000068412180000,0x0000068412c00000)
 ParOldGen       total 7079936K, used 6083718K [0x000000011cc00000, 0x00000002cce00000, 0x00000683c7700000)
  object space 7079936K, 85% used [0x000000011cc00000,0x0000000290121830,0x00000002cce00000)
 Metaspace       used 2745K, capacity 4176K, committed 4352K, reserved 8192K
Event: 5.476 GC heap after
Heap after GC invocations=26 (full 12):
 PSYoungGen      total 1233920K, used 1222895K [0x00000683c7700000, 0x0000068413c00000, 0x000009c51cc00000)
  eden space 1223168K, 99% used [0x00000683c7700000,0x000006841213bec8,0x0000068412180000)
  from space 10752K, 0% used [0x0000068412c00000,0x0000068412c00000,0x0000068413680000)
  to   space 10752K, 95% used [0x0000068412180000,0x0000068412b92410,0x0000068412c00000)
 ParOldGen       total 7249408K, used 7249088K [0x000000011cc00000, 0x00000002d7380000, 0x00000683c7700000)
  object space 7249408K, 99% used [0x000000011cc00000,0x00000002d7330340,0x00000002d7380000)
 Metaspace       used 2745K, capacity 4176K, committed 4352K, reserved 8192K
}
Event: 5.476 GC heap before
{Heap before GC invocations=27 (full 13):
 PSYoungGen      total 1233920K, used 1222895K [0x00000683c7700000, 0x0000068413c00000, 0x000009c51cc00000)
  eden space 1223168K, 99% used [0x00000683c7700000,0x000006841213bec8,0x0000068412180000)
  from space 10752K, 0% used [0x0000068412c00000,0x0000068412c00000,0x0000068413680000)
  to   space 10752K, 95% used [0x0000068412180000,0x0000068412b92410,0x0000068412c00000)
 ParOldGen       total 7249408K, used 7249088K [0x000000011cc00000, 0x00000002d7380000, 0x00000683c7700000)
  object space 7249408K, 99% used [0x000000011cc00000,0x00000002d7330340,0x00000002d7380000)
 Metaspace       used 2745K, capacity 4176K, committed 4352K, reserved 8192K
Event: 5.546 GC heap after
Heap after GC invocations=27 (full 13):
 PSYoungGen      total 1233920K, used 56721K [0x00000683c7700000, 0x0000068413c00000, 0x000009c51cc00000)
  eden space 1223168K, 4% used [0x00000683c7700000,0x00000683cae64658,0x0000068412180000)
  from space 10752K, 0% used [0x0000068412c00000,0x0000068412c00000,0x0000068413680000)
  to   space 10752K, 0% used [0x0000068412180000,0x0000068412180000,0x0000068412c00000)
 ParOldGen       total 8249344K, used 7249088K [0x000000011cc00000, 0x0000000314400000, 0x00000683c7700000)
  object space 8249344K, 87% used [0x000000011cc00000,0x00000002d7330340,0x0000000314400000)
 Metaspace       used 2745K, capacity 4176K, committed 4352K, reserved 8192K
}
Event: 5.639 GC heap before
{Heap before GC invocations=28 (full 13):
 PSYoungGen      total 1233920K, used 1223168K [0x00000683c7700000, 0x0000068413c00000, 0x000009c51cc00000)
  eden space 1223168K, 100% used [0x00000683c7700000,0x0000068412180000,0x0000068412180000)
  from space 10752K, 0% used [0x0000068412c00000,0x0000068412c00000,0x0000068413680000)
  to   space 10752K, 0% used [0x0000068412180000,0x0000068412180000,0x0000068412c00000)
 ParOldGen       total 8249344K, used 7249088K [0x000000011cc00000, 0x0000000314400000, 0x00000683c7700000)
  object space 8249344K, 87% used [0x000000011cc00000,0x00000002d7330340,0x0000000314400000)
 Metaspace       used 2745K, capacity 4176K, committed 4352K, reserved 8192K
Event: 6.676 GC heap after
Heap after GC invocations=28 (full 13):
 PSYoungGen      total 1233920K, used 1223168K [0x00000683c7700000, 0x0000068413c00000, 0x000009c51cc00000)
  eden space 1223168K, 100% used [0x00000683c7700000,0x0000068412180000,0x0000068412180000)
  from space 10752K, 0% used [0x0000068412c00000,0x0000068412c00000,0x0000068413680000)
  to   space 10752K, 95% used [0x0000068412180000,0x0000068412b92410,0x0000068412c00000)
 ParOldGen       total 8309760K, used 8309454K [0x000000011cc00000, 0x0000000317f00000, 0x00000683c7700000)
  object space 8309760K, 99% used [0x000000011cc00000,0x0000000317eb3950,0x0000000317f00000)
 Metaspace       used 2745K, capacity 4176K, committed 4352K, reserved 8192K
}
Event: 6.676 GC heap before
{Heap before GC invocations=29 (full 14):
 PSYoungGen      total 1233920K, used 1223168K [0x00000683c7700000, 0x0000068413c00000, 0x000009c51cc00000)
  eden space 1223168K, 100% used [0x00000683c7700000,0x0000068412180000,0x0000068412180000)
  from space 10752K, 0% used [0x0000068412c00000,0x0000068412c00000,0x0000068413680000)
  to   space 10752K, 95% used [0x0000068412180000,0x0000068412b92410,0x0000068412c00000)
 ParOldGen       total 8309760K, used 8309454K [0x000000011cc00000, 0x0000000317f00000, 0x00000683c7700000)
  object space 8309760K, 99% used [0x000000011cc00000,0x0000000317eb3950,0x0000000317f00000)
 Metaspace       used 2745K, capacity 4176K, committed 4352K, reserved 8192K
Event: 6.831 GC heap after
Heap after GC invocations=29 (full 14):
 PSYoungGen      total 1233920K, used 159382K [0x00000683c7700000, 0x0000068413c00000, 0x000009c51cc00000)
  eden space 1223168K, 13% used [0x00000683c7700000,0x00000683d12a5be0,0x0000068412180000)
  from space 10752K, 0% used [0x0000068412c00000,0x0000068412c00000,0x0000068413680000)
  to   space 10752K, 0% used [0x0000068412180000,0x0000068412180000,0x0000068412c00000)
 ParOldGen       total 9313792K, used 8309454K [0x000000011cc00000, 0x0000000355380000, 0x00000683c7700000)
  object space 9313792K, 89% used [0x000000011cc00000,0x0000000317eb3950,0x0000000355380000)
 Metaspace       used 2745K, capacity 4176K, committed 4352K, reserved 8192K
}
Event: 6.936 GC heap before
{Heap before GC invocations=30 (full 14):
 PSYoungGen      total 1233920K, used 1223168K [0x00000683c7700000, 0x0000068413c00000, 0x000009c51cc00000)
  eden space 1223168K, 100% used [0x00000683c7700000,0x0000068412180000,0x0000068412180000)
  from space 10752K, 0% used [0x0000068412c00000,0x0000068412c00000,0x0000068413680000)
  to   space 10752K, 0% used [0x0000068412180000,0x0000068412180000,0x0000068412c00000)
 ParOldGen       total 9313792K, used 8309454K [0x000000011cc00000, 0x0000000355380000, 0x00000683c7700000)
  object space 9313792K, 89% used [0x000000011cc00000,0x0000000317eb3950,0x0000000355380000)
 Metaspace       used 2745K, capacity 4176K, committed 4352K, reserved 8192K

